<?xml version="1.0" encoding="UTF-8"?>
<testng-results ignored="0" total="7" passed="7" failed="0" skipped="0">
  <reporter-output>
  </reporter-output>
  <suite started-at="2022-04-25T10:44:51Z" name="Default suite" finished-at="2022-04-25T10:45:05Z" duration-ms="14449">
    <groups>
    </groups>
    <test started-at="2022-04-25T10:44:51Z" name="Default test" finished-at="2022-04-25T10:45:05Z" duration-ms="14449">
      <class name="testCases.ProjectRest">
        <test-method signature="deleteMethod()[pri:0, instance:testCases.ProjectRest@7357a011]" started-at="2022-04-25T16:14:51Z" name="deleteMethod" description="Delete Method" finished-at="2022-04-25T16:14:53Z" duration-ms="2222" status="PASS">
          <reporter-output>
          </reporter-output>
        </test-method> <!-- deleteMethod -->
        <test-method signature="getGenericMethod()[pri:0, instance:testCases.ProjectRest@7357a011]" started-at="2022-04-25T16:14:53Z" name="getGenericMethod" description="to demostarte the get method" finished-at="2022-04-25T16:14:55Z" duration-ms="2278" status="PASS">
          <reporter-output>
          </reporter-output>
        </test-method> <!-- getGenericMethod -->
        <test-method signature="postMethod()[pri:0, instance:testCases.ProjectRest@7357a011]" started-at="2022-04-25T16:14:55Z" name="postMethod" description="post Method" finished-at="2022-04-25T16:14:57Z" duration-ms="2293" status="PASS">
          <reporter-output>
          </reporter-output>
        </test-method> <!-- postMethod -->
        <test-method signature="postMethodWithjsonFile()[pri:0, instance:testCases.ProjectRest@7357a011]" started-at="2022-04-25T16:14:57Z" name="postMethodWithjsonFile" description="post Method with json file" finished-at="2022-04-25T16:14:59Z" duration-ms="1266" status="PASS">
          <reporter-output>
          </reporter-output>
        </test-method> <!-- postMethodWithjsonFile -->
        <test-method signature="putMethod()[pri:0, instance:testCases.ProjectRest@7357a011]" started-at="2022-04-25T16:14:59Z" name="putMethod" description="put Method" finished-at="2022-04-25T16:15:00Z" duration-ms="1251" status="PASS">
          <reporter-output>
          </reporter-output>
        </test-method> <!-- putMethod -->
        <test-method signature="putMethodWithjsonFile()[pri:0, instance:testCases.ProjectRest@7357a011]" started-at="2022-04-25T16:15:00Z" name="putMethodWithjsonFile" description="put Method with json file" finished-at="2022-04-25T16:15:01Z" duration-ms="1344" status="PASS">
          <reporter-output>
          </reporter-output>
        </test-method> <!-- putMethodWithjsonFile -->
        <test-method signature="verificationcode404()[pri:0, instance:testCases.ProjectRest@7357a011]" started-at="2022-04-25T16:15:01Z" name="verificationcode404" description="POST,GET,PUT,DELETE Method" finished-at="2022-04-25T16:15:05Z" duration-ms="3762" status="PASS">
          <reporter-output>
          </reporter-output>
        </test-method> <!-- verificationcode404 -->
      </class> <!-- testCases.ProjectRest -->
    </test> <!-- Default test -->
  </suite> <!-- Default suite -->
</testng-results>
